{"ts":"2025-11-21T07:49:12+01:00","event":"payout_attempt","rider":1,"requested_amount":12.5,"remote_ip":"::1"}
{"ts":"2025-11-21T07:50:02+01:00","event":"payout_attempt","rider":1,"requested_amount":12.5,"remote_ip":"::1"}
{"ts":"2025-11-21T07:51:31+01:00","event":"payout_attempt","rider":1,"requested_amount":12.5,"remote_ip":"::1"}
{"ts":"2025-11-21T07:51:31+01:00","event":"payout_compute","rider":1,"requested":12.5,"avail_raw":0,"pending_raw":0,"ledger":{"total_earned":"12.50","pending_amount":"0.00","available_amount":"12.50"}}
{"ts":"2025-11-21T07:51:31+01:00","event":"payout_rejected","rider":1,"requested":12.5,"available":0}
{"ts":"2025-11-21T07:57:16+01:00","event":"payout_attempt","rider":1,"requested_amount":12.5,"remote_ip":"::1"}
{"ts":"2025-11-21T07:57:16+01:00","event":"payout_compute","rider":1,"requested":12.5,"avail_raw":12.5,"pending_raw":0,"ledger":{"total_earned":"12.50","pending_amount":"0.00","available_amount":"12.50"}}
{"ts":"2025-11-21T07:57:22+01:00","event":"payout_attempt","rider":1,"requested_amount":12.5,"remote_ip":"::1"}
{"ts":"2025-11-21T07:57:22+01:00","event":"payout_compute","rider":1,"requested":12.5,"avail_raw":12.5,"pending_raw":0,"ledger":{"total_earned":"12.50","pending_amount":"0.00","available_amount":"12.50"}}
{"ts":"2025-11-21T07:58:15+01:00","event":"payout_attempt","rider":1,"requested_amount":12.5,"remote_ip":"::1"}
{"ts":"2025-11-21T07:58:15+01:00","event":"payout_compute","rider":1,"requested":12.5,"avail_raw":12.5,"pending_raw":0,"ledger":{"total_earned":"12.50","pending_amount":"0.00","available_amount":"12.50"}}
{"ts":"2025-11-21T07:59:00+01:00","event":"payout_attempt","rider":1,"requested_amount":12.5,"remote_ip":"::1"}
{"ts":"2025-11-21T07:59:00+01:00","event":"payout_compute","rider":1,"requested":12.5,"avail_raw":12.5,"pending_raw":0,"ledger":{"total_earned":"12.50","pending_amount":"0.00","available_amount":"12.50"}}
{"ts":"2025-11-21T07:59:00+01:00","event":"payout_error","rider":1,"requested":12.5,"message":"SQLSTATE[42S22]: Column not found: 1054 Unknown column 'status' in 'field list'","trace":"#0 C:\\xampp\\htdocs\\JapanFoodOrder\\rider_earnings.php(74): PDOStatement->execute(Array)\n#1 {main}"}
{"ts":"2025-11-21T08:00:17+01:00","event":"payout_attempt","rider":1,"requested_amount":12.5,"remote_ip":"::1"}
{"ts":"2025-11-21T08:00:17+01:00","event":"payout_compute","rider":1,"requested":12.5,"avail_raw":12.5,"pending_raw":0,"ledger":{"total_earned":"12.50","pending_amount":"0.00","available_amount":"12.50"}}
{"ts":"2025-11-21T08:00:18+01:00","event":"payout_error","rider":1,"requested":12.5,"message":"SQLSTATE[42S22]: Column not found: 1054 Unknown column 'status' in 'field list'","trace":"#0 C:\\xampp\\htdocs\\JapanFoodOrder\\rider_earnings.php(87): PDOStatement->execute(Array)\n#1 {main}"}
{"ts":"2025-11-21T08:02:39+01:00","event":"payout_attempt","rider":1,"requested_amount":12.5,"remote_ip":"::1"}
{"ts":"2025-11-21T08:02:39+01:00","event":"payout_compute","rider":1,"requested":12.5,"avail_raw":12.5,"pending_raw":0,"ledger":{"total_earned":"12.50","pending_amount":"0.00","available_amount":"12.50"}}
{"ts":"2025-11-21T08:02:39+01:00","event":"payout_error","rider":1,"requested":12.5,"message":"SQLSTATE[42S22]: Column not found: 1054 Unknown column 'requested_at' in 'field list'","trace":"#0 C:\\xampp\\htdocs\\JapanFoodOrder\\rider_earnings.php(96): PDOStatement->execute(Array)\n#1 {main}"}
{"ts":"2025-11-21T08:07:37+01:00","event":"payout_attempt","rider":1,"requested_amount":12.5,"remote_ip":"::1"}
{"ts":"2025-11-21T08:07:37+01:00","event":"payout_compute","rider":1,"requested":12.5,"avail_raw":12.5,"pending_raw":0,"ledger":{"total_earned":"12.50","pending_amount":"0.00","available_amount":"12.50"}}
{"ts":"2025-11-21T08:07:37+01:00","event":"payout_error","rider":1,"requested":12.5,"message":"SQLSTATE[42S22]: Column not found: 1054 Unknown column 'requested_at' in 'field list'","trace":"#0 C:\\xampp\\htdocs\\JapanFoodOrder\\rider_earnings.php(96): PDOStatement->execute(Array)\n#1 {main}"}
{"ts":"2025-11-21T08:40:06+01:00","event":"get_payouts_error","message":"SQLSTATE[42S22]: Column not found: 1054 Unknown column 'requested_at' in 'field list'","trace":"#0 C:\\xampp\\htdocs\\JapanFoodOrder\\get_payouts.php(22): PDOStatement->execute(Array)\n#1 {main}"}
{"ts":"2025-11-21T08:41:36+01:00","event":"get_payouts_error","message":"SQLSTATE[42S22]: Column not found: 1054 Unknown column 'notes' in 'field list'","trace":"#0 C:\\xampp\\htdocs\\JapanFoodOrder\\get_payouts.php(25): PDOStatement->execute(Array)\n#1 {main}"}
{"ts":"2025-11-21T08:53:05+01:00","event":"payout_attempt","rider":1,"requested_amount":12.5,"remote_ip":"::1"}
{"ts":"2025-11-21T08:53:05+01:00","event":"payout_compute","rider":1,"requested":null,"avail_raw":12.5,"pending_raw":0,"ledger":{"total_earned":"12.50","pending_amount":"0.00","available_amount":"12.50"}}
{"ts":"2025-11-21T08:53:05+01:00","event":"payout_selected_amount","rider":1,"client_requested":12.5,"server_amount":12.5}
{"ts":"2025-11-21T08:53:05+01:00","event":"payout_start","rider":1,"computed_amount":12.5,"pending":0}
{"ts":"2025-11-21T08:53:05+01:00","event":"payout_accepted","rider":1,"payout_id":1,"amount":12.5,"available_after":0}
{"ts":"2025-11-21T09:02:08+01:00","event":"payout_attempt","rider":1,"requested_amount":10,"remote_ip":"::1"}
{"ts":"2025-11-21T09:02:08+01:00","event":"payout_compute","rider":1,"requested":null,"avail_raw":10,"pending_raw":12.5,"ledger":{"total_earned":"12.50","pending_amount":"12.50","available_amount":"10.00"}}
{"ts":"2025-11-21T09:02:08+01:00","event":"payout_selected_amount","rider":1,"client_requested":10,"server_amount":10}
{"ts":"2025-11-21T09:02:08+01:00","event":"payout_start","rider":1,"computed_amount":10,"pending":12.5}
{"ts":"2025-11-21T09:02:08+01:00","event":"payout_accepted","rider":1,"payout_id":2,"amount":10,"available_after":0}
{"ts":"2025-11-21T09:02:08+01:00","event":"stray_output","output":"<br \/>\n<b>Warning<\/b>:  Undefined variable $amount in <b>C:\\xampp\\htdocs\\JapanFoodOrder\\rider_earnings.php<\/b> on line <b>99<\/b><br \/>\n"}
{"ts":"2025-11-21T09:07:11+01:00","event":"payout_attempt","rider":1,"requested_amount":12.5,"remote_ip":"::1"}
{"ts":"2025-11-21T09:07:11+01:00","event":"payout_compute","rider":1,"requested":null,"avail_raw":12.5,"pending_raw":0,"ledger":{"total_earned":"12.50","pending_amount":"0.00","available_amount":"12.50"}}
{"ts":"2025-11-21T09:07:11+01:00","event":"payout_selected_amount","rider":1,"client_requested":12.5,"server_amount":12.5}
{"ts":"2025-11-21T09:07:11+01:00","event":"payout_start","rider":1,"computed_amount":12.5,"pending":0}
{"ts":"2025-11-21T09:07:12+01:00","event":"payout_accepted","rider":1,"payout_id":3,"amount":12.5,"available_after":0}
{"ts":"2025-11-21T09:07:12+01:00","event":"stray_output","output":"<br \/>\n<b>Warning<\/b>:  Undefined variable $amount in <b>C:\\xampp\\htdocs\\JapanFoodOrder\\rider_earnings.php<\/b> on line <b>99<\/b><br \/>\n"}
{"ts":"2025-11-21T09:47:46+01:00","event":"confirm_payout_error","payout_id":3,"message":"SQLSTATE[42S22]: Column not found: 1054 Unknown column 'status' in 'field list'","trace":"#0 C:\\xampp\\htdocs\\JapanFoodOrder\\confirm_payout.php(22): PDOStatement->execute(Array)\n#1 {main}"}
{"ts":"2025-11-21T09:57:37+01:00","event":"confirm_payout_error","payout_id":3,"message":"SQLSTATE[HY093]: Invalid parameter number: number of bound variables does not match number of tokens","trace":"#0 C:\\xampp\\htdocs\\JapanFoodOrder\\confirm_payout.php(56): PDOStatement->execute(Array)\n#1 {main}"}
{"ts":"2025-11-21T10:01:22+01:00","event":"confirm_payout_error","payout_id":3,"message":"SQLSTATE[42S22]: Column not found: 1054 Unknown column 'admin_id' in 'field list'","trace":"#0 C:\\xampp\\htdocs\\JapanFoodOrder\\confirm_payout.php(61): PDOStatement->execute(Array)\n#1 {main}"}
{"ts":"2025-11-21T10:31:18+01:00","event":"get_payouts_error","message":"SQLSTATE[42000]: Syntax error or access violation: 1064 You have an error in your SQL syntax; check the manual that corresponds to your MariaDB server version for the right syntax to use near ' , , , , u.name as rider_name\r\n                    FROM payouts p LEFT JOIN u...' at line 1","trace":"#0 C:\\xampp\\htdocs\\JapanFoodOrder\\get_payouts.php(80): PDO->query('SELECT p.id, p....')\n#1 {main}"}
{"ts":"2025-11-21T11:18:02+01:00","event":"payout_compute","rider":1,"requested":12.5,"avail_raw":12.5,"pending_raw":0,"ledger":{"total_earned":"12.50","pending_amount":"0.00","available_amount":"12.50"}}
{"ts":"2025-11-21T11:18:02+01:00","event":"payout_selected_amount","rider":1,"client_requested":12.5,"server_amount":12.5}
{"ts":"2025-11-21T11:18:02+01:00","event":"payout_start","rider":1,"computed_amount":12.5,"pending":0}
{"ts":"2025-11-21T11:18:02+01:00","event":"payout_accepted","rider":1,"payout_id":4,"amount":12.5,"available_after":0}
{"ts":"2025-11-21T11:20:22+01:00","event":"payout_compute","rider":1,"requested":10,"avail_raw":12.5,"pending_raw":0,"ledger":{"total_earned":"0.00","pending_amount":"0.00","available_amount":"12.50"}}
{"ts":"2025-11-21T11:20:22+01:00","event":"payout_selected_amount","rider":1,"client_requested":10,"server_amount":12.5}
{"ts":"2025-11-21T11:20:22+01:00","event":"payout_start","rider":1,"computed_amount":12.5,"pending":0}
{"ts":"2025-11-21T11:20:22+01:00","event":"payout_accepted","rider":1,"payout_id":5,"amount":12.5,"available_after":0}
{"ts":"2025-11-21T11:23:31+01:00","event":"payout_compute","rider":1,"requested":10,"avail_raw":10,"pending_raw":12.5,"ledger":{"total_earned":"0.00","pending_amount":"12.50","available_amount":"10.00"}}
{"ts":"2025-11-21T11:23:31+01:00","event":"payout_selected_amount","rider":1,"client_requested":10,"server_amount":10}
{"ts":"2025-11-21T11:23:31+01:00","event":"payout_start","rider":1,"computed_amount":10,"pending":12.5}
{"ts":"2025-11-21T11:23:31+01:00","event":"payout_accepted","rider":1,"payout_id":6,"amount":10,"available_after":0}
